Sun Jun 30 16:13:46 2024 A 52096 1
Sun Jun 30 16:13:46 2024 A 52120 1
Sun Jun 30 16:13:46 2024 A 52128 1
Sun Jun 30 16:13:46 2024 A 52178 1
Sun Jun 30 16:13:46 2024 A 52186 1
Sun Jun 30 16:13:46 2024 A 52226 1
Sun Jun 30 16:13:46 2024 A 52230 1
Sun Jun 30 16:13:47 2024 A 52242 1
Sun Jun 30 16:13:47 2024 A 52276 1
Sun Jun 30 16:13:47 2024 A 52286 1
Sun Jun 30 16:13:47 2024 A 52288 1
Sun Jun 30 16:13:47 2024 A 52312 1
Sun Jun 30 16:13:47 2024 A 52328 1
Sun Jun 30 16:13:47 2024 A 52338 1
Sun Jun 30 16:13:47 2024 A 52342 1
Sun Jun 30 16:13:47 2024 A 52358 1
Sun Jun 30 16:13:47 2024 A 52364 1
Sun Jun 30 16:13:48 2024 A 52380 1
Sun Jun 30 16:13:48 2024 A 52384 1
Sun Jun 30 16:13:48 2024 A 52442 1
Sun Jun 30 16:13:46 2024 A 52096 2
Sun Jun 30 16:13:48 2024 A 52452 1
Sun Jun 30 16:13:46 2024 A 52120 2
Sun Jun 30 16:13:48 2024 A 52470 1
Sun Jun 30 16:13:48 2024 A 52472 1
Sun Jun 30 16:13:46 2024 A 52128 2
Sun Jun 30 16:13:48 2024 A 52500 1
Sun Jun 30 16:13:48 2024 A 52514 1
Sun Jun 30 16:13:46 2024 A 52178 2
Sun Jun 30 16:13:48 2024 A 52518 1
Sun Jun 30 16:13:46 2024 A 52186 2
Sun Jun 30 16:13:48 2024 A 52550 1
Sun Jun 30 16:13:46 2024 A 52226 2
Sun Jun 30 16:13:49 2024 A 52564 1
Sun Jun 30 16:13:46 2024 A 52230 2
Sun Jun 30 16:13:49 2024 A 52636 1
Sun Jun 30 16:13:47 2024 A 52242 2
Sun Jun 30 16:13:49 2024 A 52654 1
Sun Jun 30 16:13:47 2024 A 52276 2
Sun Jun 30 16:13:49 2024 A 52656 1
Sun Jun 30 16:13:49 2024 A 52690 1
Sun Jun 30 16:13:49 2024 A 52730 1
Sun Jun 30 16:13:47 2024 A 52312 2
Sun Jun 30 16:13:47 2024 A 52286 2
Sun Jun 30 16:13:47 2024 A 52288 2
Sun Jun 30 16:13:49 2024 A 52766 1
Sun Jun 30 16:13:49 2024 A 52788 1
Sun Jun 30 16:13:49 2024 A 52796 1
Sun Jun 30 16:13:47 2024 A 52328 2
Sun Jun 30 16:13:47 2024 A 52338 2
Sun Jun 30 16:13:50 2024 A 52800 1
Sun Jun 30 16:13:47 2024 A 52342 2
Sun Jun 30 16:13:50 2024 A 52802 1
Sun Jun 30 16:13:50 2024 A 52812 1
Sun Jun 30 16:13:50 2024 A 52820 1
Sun Jun 30 16:13:47 2024 A 52358 2
Sun Jun 30 16:13:50 2024 A 52844 1
Sun Jun 30 16:13:50 2024 A 52856 1
Sun Jun 30 16:13:47 2024 A 52364 2
Sun Jun 30 16:13:48 2024 A 52380 2
Sun Jun 30 16:13:50 2024 A 52874 1
Sun Jun 30 16:13:50 2024 A 52902 1
Sun Jun 30 16:13:50 2024 A 52912 1
Sun Jun 30 16:13:48 2024 A 52384 2
Sun Jun 30 16:13:48 2024 A 52442 2
Sun Jun 30 16:13:50 2024 A 52928 1
Sun Jun 30 16:13:48 2024 A 52452 2
Sun Jun 30 16:13:51 2024 A 53000 1
Sun Jun 30 16:13:51 2024 A 53004 1
Sun Jun 30 16:13:48 2024 A 52470 2
Sun Jun 30 16:13:51 2024 A 53042 1
Sun Jun 30 16:13:51 2024 A 53054 1
Sun Jun 30 16:13:48 2024 A 52472 2
Sun Jun 30 16:13:51 2024 A 53070 1
Sun Jun 30 16:13:48 2024 A 52518 2
Sun Jun 30 16:13:48 2024 A 52514 2
Sun Jun 30 16:13:48 2024 A 52500 2
Sun Jun 30 16:13:51 2024 A 53078 1
Sun Jun 30 16:13:48 2024 A 52550 2
Sun Jun 30 16:13:51 2024 A 53092 1
Sun Jun 30 16:13:49 2024 A 52564 2
Sun Jun 30 16:13:49 2024 A 52654 2
Sun Jun 30 16:13:51 2024 A 53164 1
Sun Jun 30 16:13:49 2024 A 52636 2
Sun Jun 30 16:13:51 2024 A 53178 1
Sun Jun 30 16:13:49 2024 A 52690 2
Sun Jun 30 16:13:49 2024 A 52656 2
Sun Jun 30 16:13:51 2024 A 53214 1
Sun Jun 30 16:13:49 2024 A 52730 2
Sun Jun 30 16:13:52 2024 A 53224 1
Sun Jun 30 16:13:49 2024 A 52766 2
Sun Jun 30 16:13:49 2024 A 52788 2
Sun Jun 30 16:13:52 2024 A 53246 1
Sun Jun 30 16:13:49 2024 A 52796 2
Sun Jun 30 16:13:52 2024 A 53256 1
Sun Jun 30 16:13:50 2024 A 52800 2
Sun Jun 30 16:13:50 2024 A 52812 2
Sun Jun 30 16:13:50 2024 A 52802 2
Sun Jun 30 16:13:52 2024 A 53262 1
Sun Jun 30 16:13:50 2024 A 52820 2
Sun Jun 30 16:13:50 2024 A 52844 2
Sun Jun 30 16:13:52 2024 A 53264 1
Sun Jun 30 16:13:50 2024 A 52856 2
Sun Jun 30 16:13:52 2024 A 53294 1
Sun Jun 30 16:13:50 2024 A 52874 2
Sun Jun 30 16:13:52 2024 A 53256 2
Sun Jun 30 16:13:52 2024 A 53246 2
Sun Jun 30 16:13:52 2024 A 53224 2
Sun Jun 30 16:13:51 2024 A 53042 2
Sun Jun 30 16:13:52 2024 A 53294 2
Sun Jun 30 16:13:51 2024 A 53078 2
Sun Jun 30 16:13:52 2024 A 53264 2
Sun Jun 30 16:13:51 2024 A 53000 2
Sun Jun 30 16:13:50 2024 A 52902 2
Sun Jun 30 16:13:51 2024 A 53214 2
Sun Jun 30 16:13:51 2024 A 53178 2
Sun Jun 30 16:13:51 2024 A 53070 2
Sun Jun 30 16:13:51 2024 A 53092 2
Sun Jun 30 16:13:52 2024 A 53312 1
Sun Jun 30 16:13:51 2024 A 53004 2
Sun Jun 30 16:13:52 2024 A 53332 1
Sun Jun 30 16:13:52 2024 A 53334 1
Sun Jun 30 16:13:53 2024 A 53414 1
Sun Jun 30 16:13:53 2024 A 53378 1
Sun Jun 30 16:13:53 2024 A 53374 1
Sun Jun 30 16:13:53 2024 A 53470 1
Sun Jun 30 16:13:53 2024 A 53410 1
Sun Jun 30 16:13:52 2024 A 53308 1
Sun Jun 30 16:13:53 2024 A 53366 1
Sun Jun 30 16:13:53 2024 A 53538 1
Sun Jun 30 16:13:53 2024 A 53454 1
Sun Jun 30 16:13:53 2024 A 53412 1
Sun Jun 30 16:13:54 2024 A 53550 1
Sun Jun 30 16:13:54 2024 A 53586 1
Sun Jun 30 16:13:54 2024 A 53612 1
Sun Jun 30 16:13:54 2024 A 53626 1
Sun Jun 30 16:13:54 2024 A 53596 1
Sun Jun 30 16:13:54 2024 A 53646 1
Sun Jun 30 16:13:54 2024 A 53564 1
Sun Jun 30 16:13:53 2024 A 53546 1
Sun Jun 30 16:13:54 2024 A 53660 1
Sun Jun 30 16:13:54 2024 A 53674 1
Sun Jun 30 16:13:54 2024 A 53570 1
Sun Jun 30 16:13:52 2024 A 53262 2
Sun Jun 30 16:13:51 2024 A 53164 2
Sun Jun 30 16:13:50 2024 A 52912 2
Sun Jun 30 16:13:51 2024 A 53054 2
Sun Jun 30 16:13:50 2024 A 52928 2
Sun Jun 30 16:13:55 2024 A 53700 1
Sun Jun 30 16:13:55 2024 A 53712 1
Sun Jun 30 16:13:55 2024 A 53740 1
Sun Jun 30 16:13:55 2024 A 53744 1
Sun Jun 30 16:13:55 2024 A 53760 1
Sun Jun 30 16:13:55 2024 A 53776 1
Sun Jun 30 16:13:55 2024 A 53790 1
Sun Jun 30 16:13:55 2024 A 53826 1
Sun Jun 30 16:13:55 2024 A 53846 1
Sun Jun 30 16:13:55 2024 A 53852 1
Sun Jun 30 16:13:56 2024 A 53906 1
Sun Jun 30 16:13:56 2024 A 53936 1
Sun Jun 30 16:13:54 2024 A 53612 2
Sun Jun 30 16:13:54 2024 A 53626 2
Sun Jun 30 16:13:53 2024 A 53366 2
Sun Jun 30 16:13:52 2024 A 53308 2
Sun Jun 30 16:13:53 2024 A 53414 2
Sun Jun 30 16:13:54 2024 A 53564 2
Sun Jun 30 16:13:55 2024 A 53846 2
Sun Jun 30 16:13:56 2024 A 53936 2
Sun Jun 30 16:13:56 2024 A 53906 2
Sun Jun 30 16:13:55 2024 A 53852 2
Sun Jun 30 16:13:55 2024 A 53826 2
Sun Jun 30 16:13:53 2024 A 53410 2
Sun Jun 30 16:13:55 2024 A 53790 2
Sun Jun 30 16:13:55 2024 A 53760 2
Sun Jun 30 16:13:53 2024 A 53538 2
Sun Jun 30 16:13:54 2024 A 53550 2
Sun Jun 30 16:13:54 2024 A 53646 2
Sun Jun 30 16:13:52 2024 A 53332 2
Sun Jun 30 16:13:52 2024 A 53334 2
Sun Jun 30 16:13:53 2024 A 53378 2
Sun Jun 30 16:13:55 2024 A 53744 2
Sun Jun 30 16:13:54 2024 A 53586 2
Sun Jun 30 16:13:52 2024 A 53312 2
Sun Jun 30 16:13:53 2024 A 53454 2
Sun Jun 30 16:13:53 2024 A 53470 2
Sun Jun 30 16:13:54 2024 A 53570 2
Sun Jun 30 16:13:54 2024 A 53660 2
Sun Jun 30 16:13:55 2024 A 53776 2
Sun Jun 30 16:13:53 2024 A 53412 2
Sun Jun 30 16:13:54 2024 A 53674 2
Sun Jun 30 16:13:57 2024 A 54126 1
Sun Jun 30 16:13:55 2024 A 53700 2
Sun Jun 30 16:13:56 2024 A 54046 1
Sun Jun 30 16:13:56 2024 A 53968 1
Sun Jun 30 16:13:57 2024 A 54106 1
Sun Jun 30 16:13:56 2024 A 54014 1
Sun Jun 30 16:13:57 2024 A 54082 1
Sun Jun 30 16:13:56 2024 A 53972 1
Sun Jun 30 16:13:56 2024 A 53978 1
Sun Jun 30 16:13:56 2024 A 54070 1
Sun Jun 30 16:13:53 2024 A 53374 2
Sun Jun 30 16:13:57 2024 A 54094 1
Sun Jun 30 16:13:56 2024 A 53986 1
Sun Jun 30 16:13:57 2024 A 54138 1
Sun Jun 30 16:13:57 2024 A 54146 1
Sun Jun 30 16:13:57 2024 A 54156 1
Sun Jun 30 16:13:57 2024 A 54300 1
Sun Jun 30 16:13:56 2024 A 54026 1
Sun Jun 30 16:13:58 2024 A 54326 1
Sun Jun 30 16:13:55 2024 A 53740 2
Sun Jun 30 16:13:57 2024 A 54118 1
Sun Jun 30 16:13:57 2024 A 54166 1
Sun Jun 30 16:13:58 2024 A 54342 1
Sun Jun 30 16:13:58 2024 A 54362 1
Sun Jun 30 16:13:58 2024 A 54354 1
Sun Jun 30 16:13:58 2024 A 54370 1
Sun Jun 30 16:13:58 2024 A 54384 1
Sun Jun 30 16:13:58 2024 A 54376 1
Sun Jun 30 16:13:58 2024 A 54424 1
Sun Jun 30 16:13:59 2024 A 54448 1
Sun Jun 30 16:13:59 2024 A 54506 1
Sun Jun 30 16:13:57 2024 A 54146 2
Sun Jun 30 16:13:58 2024 A 54342 2
Sun Jun 30 16:13:59 2024 A 54510 1
Sun Jun 30 16:13:59 2024 A 54482 1
Sun Jun 30 16:14:00 2024 A 54674 1
Sun Jun 30 16:13:58 2024 A 54382 1
Sun Jun 30 16:13:59 2024 A 54586 1
Sun Jun 30 16:14:00 2024 A 54712 1
Sun Jun 30 16:13:59 2024 A 54506 2
Sun Jun 30 16:13:53 2024 A 53546 2
Sun Jun 30 16:14:01 2024 A 54902 1
Sun Jun 30 16:14:01 2024 A 54812 1
Sun Jun 30 16:13:59 2024 A 54470 1
Sun Jun 30 16:14:00 2024 A 54690 1
Sun Jun 30 16:14:02 2024 A 54986 1
Sun Jun 30 16:13:59 2024 A 54520 1
Sun Jun 30 16:14:01 2024 A 54732 1
Sun Jun 30 16:14:02 2024 A 55024 1
Sun Jun 30 16:14:02 2024 A 54976 1
Sun Jun 30 16:14:01 2024 A 54878 1
Sun Jun 30 16:14:00 2024 A 54626 1
Sun Jun 30 16:14:00 2024 A 54630 1
Sun Jun 30 16:14:02 2024 A 55050 1
Sun Jun 30 16:14:01 2024 A 54898 1
Sun Jun 30 16:14:00 2024 A 54610 1
Sun Jun 30 16:13:54 2024 A 53596 2
Sun Jun 30 16:14:01 2024 A 54886 1
Sun Jun 30 16:14:01 2024 A 54940 1
Sun Jun 30 16:14:00 2024 A 54682 1
Sun Jun 30 16:13:58 2024 A 54396 1
Sun Jun 30 16:13:59 2024 A 54544 1
Sun Jun 30 16:13:55 2024 A 53712 2
Sun Jun 30 16:14:00 2024 A 54668 1
Sun Jun 30 16:14:02 2024 A 55028 1
Sun Jun 30 16:14:00 2024 A 54718 1
Sun Jun 30 16:14:00 2024 A 54730 1
Sun Jun 30 16:14:01 2024 A 54846 1
Sun Jun 30 16:13:59 2024 A 54514 1
Sun Jun 30 16:13:58 2024 A 54362 2
Sun Jun 30 16:14:02 2024 A 55048 1
Sun Jun 30 16:14:01 2024 A 54864 1
Sun Jun 30 16:14:04 2024 A 55214 1
Sun Jun 30 16:14:03 2024 A 55192 1
Sun Jun 30 16:13:58 2024 A 54376 2
Sun Jun 30 16:14:03 2024 A 55122 1
Sun Jun 30 16:13:57 2024 A 54166 2
Sun Jun 30 16:14:02 2024 A 55076 1
Sun Jun 30 16:13:57 2024 A 54300 2
Sun Jun 30 16:13:58 2024 A 54326 2
Sun Jun 30 16:14:03 2024 A 55206 1
Sun Jun 30 16:13:59 2024 A 54556 1
Sun Jun 30 16:14:01 2024 A 54752 1
Sun Jun 30 16:14:03 2024 A 55136 1
Sun Jun 30 16:14:03 2024 A 55172 1
Sun Jun 30 16:13:57 2024 A 54126 2
Sun Jun 30 16:14:04 2024 A 55272 1
Sun Jun 30 16:14:03 2024 A 55150 1
Sun Jun 30 16:14:03 2024 A 55208 1
Sun Jun 30 16:13:59 2024 A 54544 2
Sun Jun 30 16:13:56 2024 A 54014 2
Sun Jun 30 16:13:56 2024 A 54026 2
Sun Jun 30 16:13:56 2024 A 53968 2
Sun Jun 30 16:13:57 2024 A 54082 2
Sun Jun 30 16:13:58 2024 A 54384 2
Sun Jun 30 16:13:56 2024 A 53978 2
Sun Jun 30 16:13:59 2024 A 54520 2
Sun Jun 30 16:13:57 2024 A 54106 2
Sun Jun 30 16:14:02 2024 A 55050 2
Sun Jun 30 16:14:01 2024 A 54898 2
Sun Jun 30 16:13:59 2024 A 54514 2
Sun Jun 30 16:13:59 2024 A 54510 2
Sun Jun 30 16:14:01 2024 A 54878 2
Sun Jun 30 16:14:04 2024 A 55214 2
Sun Jun 30 16:14:02 2024 A 54986 2
Sun Jun 30 16:14:00 2024 A 54626 2
Sun Jun 30 16:14:03 2024 A 55208 2
Sun Jun 30 16:14:03 2024 A 55122 2
Sun Jun 30 16:14:01 2024 A 54846 2
Sun Jun 30 16:13:59 2024 A 54470 2
Sun Jun 30 16:14:02 2024 A 55076 2
Sun Jun 30 16:14:01 2024 A 54902 2
Sun Jun 30 16:13:58 2024 A 54370 2
Sun Jun 30 16:14:01 2024 A 54812 2
Sun Jun 30 16:14:02 2024 A 55048 2
Sun Jun 30 16:14:00 2024 A 54690 2
Sun Jun 30 16:14:02 2024 A 55082 1
Sun Jun 30 16:13:57 2024 A 54156 2
Sun Jun 30 16:13:59 2024 A 54586 2
Sun Jun 30 16:14:04 2024 A 55198 1
Sun Jun 30 16:14:03 2024 A 55106 1
Sun Jun 30 16:14:05 2024 A 55534 1
Sun Jun 30 16:14:03 2024 A 55184 1
Sun Jun 30 16:14:01 2024 A 54886 2
Sun Jun 30 16:14:03 2024 A 55142 1
Sun Jun 30 16:14:04 2024 A 55260 1
Sun Jun 30 16:14:05 2024 A 55426 1
Sun Jun 30 16:14:05 2024 A 55546 1
Sun Jun 30 16:13:58 2024 A 54424 2
Sun Jun 30 16:14:04 2024 A 55286 1
Sun Jun 30 16:14:04 2024 A 55386 1
Sun Jun 30 16:13:58 2024 A 54354 2
Sun Jun 30 16:14:05 2024 A 55518 1
Sun Jun 30 16:14:04 2024 A 55302 1
Sun Jun 30 16:14:04 2024 A 55346 1
Sun Jun 30 16:14:05 2024 A 55496 1
Sun Jun 30 16:14:06 2024 A 55574 1
Sun Jun 30 16:14:04 2024 A 55340 1
Sun Jun 30 16:14:05 2024 A 55438 1
Sun Jun 30 16:14:02 2024 A 55064 1
Sun Jun 30 16:14:05 2024 A 55400 1
Sun Jun 30 16:14:00 2024 A 54682 2
Sun Jun 30 16:14:00 2024 A 54668 2
Sun Jun 30 16:14:06 2024 A 55678 1
Sun Jun 30 16:14:03 2024 A 55192 2
Sun Jun 30 16:13:57 2024 A 54138 2
Sun Jun 30 16:14:06 2024 A 55562 1
Sun Jun 30 16:14:00 2024 A 54712 2
Sun Jun 30 16:14:04 2024 A 55286 2
Sun Jun 30 16:13:59 2024 A 54448 2
Sun Jun 30 16:13:56 2024 A 53972 2
Sun Jun 30 16:13:56 2024 A 54046 2
Sun Jun 30 16:13:56 2024 A 53986 2
Sun Jun 30 16:13:56 2024 A 54070 2
Sun Jun 30 16:14:02 2024 A 55082 2
Sun Jun 30 16:13:58 2024 A 54382 2
Sun Jun 30 16:13:57 2024 A 54094 2
Sun Jun 30 16:14:02 2024 A 55024 2
Sun Jun 30 16:14:04 2024 A 55340 2
Sun Jun 30 16:14:02 2024 A 55064 2
Sun Jun 30 16:14:04 2024 A 55198 2
Sun Jun 30 16:14:05 2024 A 55426 2
Sun Jun 30 16:14:04 2024 A 55346 2
Sun Jun 30 16:14:03 2024 A 55142 2
Sun Jun 30 16:14:06 2024 A 55574 2
Sun Jun 30 16:14:06 2024 A 55562 2
Sun Jun 30 16:14:03 2024 A 55184 2
Sun Jun 30 16:14:05 2024 A 55518 2
Sun Jun 30 16:14:05 2024 A 55400 2
Sun Jun 30 16:14:05 2024 A 55556 1
Sun Jun 30 16:14:06 2024 A 55636 1
Sun Jun 30 16:14:07 2024 A 55796 1
Sun Jun 30 16:14:04 2024 A 55302 2
Sun Jun 30 16:14:05 2024 A 55540 1
Sun Jun 30 16:14:04 2024 A 55386 2
Sun Jun 30 16:14:06 2024 A 55706 1
Sun Jun 30 16:14:00 2024 A 54718 2
Sun Jun 30 16:14:05 2024 A 55438 2
Sun Jun 30 16:14:06 2024 A 55726 1
Sun Jun 30 16:14:07 2024 A 55732 1
Sun Jun 30 16:14:07 2024 A 55748 1
Sun Jun 30 16:14:07 2024 A 55866 1
Sun Jun 30 16:14:03 2024 A 55106 2
Sun Jun 30 16:14:03 2024 A 55206 2
Sun Jun 30 16:14:06 2024 A 55648 1
Sun Jun 30 16:14:07 2024 A 55764 1
Sun Jun 30 16:14:06 2024 A 55698 1
Sun Jun 30 16:14:04 2024 A 55390 1
Sun Jun 30 16:14:06 2024 A 55720 1
Sun Jun 30 16:14:05 2024 A 55504 1
Sun Jun 30 16:14:06 2024 A 55684 1
Sun Jun 30 16:14:01 2024 A 54752 2
Sun Jun 30 16:14:00 2024 A 54674 2
Sun Jun 30 16:14:07 2024 A 55850 1
Sun Jun 30 16:14:05 2024 A 55534 2
Sun Jun 30 16:14:03 2024 A 55150 2
Sun Jun 30 16:14:07 2024 A 55840 1
Sun Jun 30 16:14:07 2024 A 55782 1
Sun Jun 30 16:14:07 2024 A 55894 1
Sun Jun 30 16:14:08 2024 A 55940 1
Sun Jun 30 16:14:02 2024 A 54976 2
Sun Jun 30 16:14:10 2024 A 56286 1
Sun Jun 30 16:14:01 2024 A 54864 2
Sun Jun 30 16:14:08 2024 A 55966 1
Sun Jun 30 16:14:09 2024 A 56230 1
Sun Jun 30 16:14:08 2024 A 55966 2
Sun Jun 30 16:14:07 2024 A 55748 2
Sun Jun 30 16:14:06 2024 A 55726 2
Sun Jun 30 16:14:08 2024 A 55940 2
Sun Jun 30 16:14:06 2024 A 55720 2
Sun Jun 30 16:14:07 2024 A 55840 2
Sun Jun 30 16:14:09 2024 A 56230 2
Sun Jun 30 16:14:05 2024 A 55556 2
Sun Jun 30 16:14:06 2024 A 55698 2
Sun Jun 30 16:14:10 2024 A 56286 2
Sun Jun 30 16:14:07 2024 A 55796 2
Sun Jun 30 16:14:07 2024 A 55732 2
Sun Jun 30 16:14:07 2024 A 55894 2
Sun Jun 30 16:14:06 2024 A 55684 2
Sun Jun 30 16:14:07 2024 A 55850 2
Sun Jun 30 16:14:06 2024 A 55648 2
Sun Jun 30 16:14:06 2024 A 55706 2
Sun Jun 30 16:14:07 2024 A 55880 1
Sun Jun 30 16:13:57 2024 A 54118 2
Sun Jun 30 16:14:09 2024 A 56140 1
Sun Jun 30 16:13:59 2024 A 54482 2
Sun Jun 30 16:14:05 2024 A 55504 2
Sun Jun 30 16:14:08 2024 A 55930 1
Sun Jun 30 16:14:08 2024 A 56054 1
Sun Jun 30 16:14:07 2024 A 55866 2
Sun Jun 30 16:14:08 2024 A 55926 1
Sun Jun 30 16:14:08 2024 A 55952 1
Sun Jun 30 16:14:04 2024 A 55260 2
Sun Jun 30 16:14:09 2024 A 56180 1
Sun Jun 30 16:14:09 2024 A 56104 1
Sun Jun 30 16:14:08 2024 A 55962 1
Sun Jun 30 16:14:13 2024 A 56754 1
Sun Jun 30 16:14:12 2024 A 56680 1
Sun Jun 30 16:14:14 2024 A 57142 1
Sun Jun 30 16:14:10 2024 A 56330 1
Sun Jun 30 16:14:03 2024 A 55136 2
Sun Jun 30 16:14:09 2024 A 56210 1
Sun Jun 30 16:14:10 2024 A 56324 1
Sun Jun 30 16:14:12 2024 A 56584 1
Sun Jun 30 16:14:05 2024 A 55496 2
Sun Jun 30 16:14:03 2024 A 55172 2
Sun Jun 30 16:14:09 2024 A 56088 1
Sun Jun 30 16:14:13 2024 A 56884 1
Sun Jun 30 16:14:00 2024 A 54630 2
Sun Jun 30 16:14:11 2024 A 56422 1
Sun Jun 30 16:14:12 2024 A 56648 1
Sun Jun 30 16:14:09 2024 A 56196 1
Sun Jun 30 16:14:11 2024 A 56476 1
Sun Jun 30 16:14:05 2024 A 55546 2
Sun Jun 30 16:14:12 2024 A 56632 1
Sun Jun 30 16:14:10 2024 A 56242 1
Sun Jun 30 16:14:13 2024 A 56794 1
Sun Jun 30 16:14:10 2024 A 56264 1
Sun Jun 30 16:14:14 2024 A 57004 1
Sun Jun 30 16:14:11 2024 A 56556 1
Sun Jun 30 16:14:14 2024 A 57070 1
Sun Jun 30 16:14:11 2024 A 56404 1
Sun Jun 30 16:14:09 2024 A 56178 1
Sun Jun 30 16:14:11 2024 A 56388 1
Sun Jun 30 16:14:11 2024 A 56504 1
Sun Jun 30 16:14:14 2024 A 56942 1
Sun Jun 30 16:14:16 2024 A 57370 1
Sun Jun 30 16:14:14 2024 A 57054 1
Sun Jun 30 16:14:08 2024 A 55952 2
Sun Jun 30 16:14:21 2024 A 58226 1
Sun Jun 30 16:14:19 2024 A 57988 1
Sun Jun 30 16:14:19 2024 A 57918 1
Sun Jun 30 16:14:19 2024 A 57984 1
Sun Jun 30 16:14:17 2024 A 57670 1
Sun Jun 30 16:14:18 2024 A 57834 1
Sun Jun 30 16:14:18 2024 A 57684 1
Sun Jun 30 16:14:17 2024 A 57576 1
Sun Jun 30 16:14:19 2024 A 57934 1
Sun Jun 30 16:14:22 2024 A 58402 1
Sun Jun 30 16:14:19 2024 A 57898 1
Sun Jun 30 16:14:18 2024 A 57726 1
Sun Jun 30 16:14:14 2024 A 57004 2
Sun Jun 30 16:14:18 2024 A 57760 1
Sun Jun 30 16:14:21 2024 A 58346 1
Sun Jun 30 16:14:21 2024 A 58228 1
Sun Jun 30 16:14:22 2024 A 58470 1
Sun Jun 30 16:14:20 2024 A 58088 1
Sun Jun 30 16:14:23 2024 A 58722 1
Sun Jun 30 16:14:21 2024 A 58328 1
Sun Jun 30 16:14:18 2024 A 57678 1
Sun Jun 30 16:14:18 2024 A 57824 1
Sun Jun 30 16:14:15 2024 A 57274 1
Sun Jun 30 16:14:21 2024 A 58286 1
Sun Jun 30 16:14:20 2024 A 58160 1
Sun Jun 30 16:14:23 2024 A 58746 1
Sun Jun 30 16:14:21 2024 A 58270 1
Sun Jun 30 16:14:18 2024 A 57702 1
Sun Jun 30 16:14:24 2024 A 58792 1
Sun Jun 30 16:14:20 2024 A 58086 1
Sun Jun 30 16:14:17 2024 A 57664 1
Sun Jun 30 16:14:21 2024 A 58196 1
Sun Jun 30 16:14:20 2024 A 58108 1
Sun Jun 30 16:14:22 2024 A 58456 1
Sun Jun 30 16:14:11 2024 A 56422 2
Sun Jun 30 16:14:22 2024 A 58378 1
Sun Jun 30 16:14:19 2024 A 57974 1
Sun Jun 30 16:14:21 2024 A 58210 1
Sun Jun 30 16:14:19 2024 A 57850 1
Sun Jun 30 16:14:23 2024 A 58762 1
Sun Jun 30 16:14:05 2024 A 55540 2
Sun Jun 30 16:14:23 2024 A 58780 1
Sun Jun 30 16:14:19 2024 A 57928 1
Sun Jun 30 16:14:17 2024 A 57494 1
Sun Jun 30 16:14:22 2024 A 58474 1
Sun Jun 30 16:14:23 2024 A 58506 1
Sun Jun 30 16:14:24 2024 A 58806 1
Sun Jun 30 16:14:21 2024 A 58342 1
Sun Jun 30 16:14:18 2024 A 57722 1
Sun Jun 30 16:14:22 2024 A 58440 1
Sun Jun 30 16:14:20 2024 A 58000 1
Sun Jun 30 16:14:22 2024 A 58414 1
Sun Jun 30 16:14:22 2024 A 58470 2
Sun Jun 30 16:14:09 2024 A 56180 2
Sun Jun 30 16:14:22 2024 A 58414 2
Sun Jun 30 16:14:21 2024 A 58346 2
Sun Jun 30 16:14:19 2024 A 57934 2
Sun Jun 30 16:14:10 2024 A 56242 2
Sun Jun 30 16:14:08 2024 A 56068 1
Sun Jun 30 16:14:15 2024 A 57328 1
Sun Jun 30 16:14:16 2024 A 57394 1
Sun Jun 30 16:14:12 2024 A 56604 1
Sun Jun 30 16:14:13 2024 A 56908 1
Sun Jun 30 16:14:18 2024 A 57726 2
Sun Jun 30 16:14:04 2024 A 55272 2
Sun Jun 30 16:14:12 2024 A 56602 1
Sun Jun 30 16:14:02 2024 A 55028 2
Sun Jun 30 16:14:13 2024 A 56898 1
Sun Jun 30 16:14:08 2024 A 56054 2
Sun Jun 30 16:14:13 2024 A 56770 1
Sun Jun 30 16:14:06 2024 A 55636 2
Sun Jun 30 16:14:09 2024 A 56168 1
Sun Jun 30 16:14:16 2024 A 57374 1
Sun Jun 30 16:14:15 2024 A 57252 1
Sun Jun 30 16:14:16 2024 A 57360 1
Sun Jun 30 16:14:06 2024 A 55678 2
Sun Jun 30 16:14:13 2024 A 56856 1
Sun Jun 30 16:14:07 2024 A 55782 2
Sun Jun 30 16:14:14 2024 A 57142 2
Sun Jun 30 16:14:14 2024 A 57014 1
Sun Jun 30 16:14:17 2024 A 57588 1
Sun Jun 30 16:14:23 2024 A 58746 2
Sun Jun 30 16:14:17 2024 A 57584 1
Sun Jun 30 16:14:15 2024 A 57320 1
Sun Jun 30 16:14:09 2024 A 56074 1
Sun Jun 30 16:14:14 2024 A 56958 1
Sun Jun 30 16:14:15 2024 A 57184 1
Sun Jun 30 16:14:15 2024 A 57172 1
Sun Jun 30 16:13:58 2024 A 54396 2
Sun Jun 30 16:14:08 2024 A 55962 2
Sun Jun 30 16:14:10 2024 A 56290 1
Sun Jun 30 16:14:04 2024 A 55390 2
Sun Jun 30 16:14:09 2024 A 56140 2
Sun Jun 30 16:14:14 2024 A 57072 1
Sun Jun 30 16:14:12 2024 A 56732 1
Sun Jun 30 16:14:11 2024 A 56542 1
Sun Jun 30 16:14:08 2024 A 55980 1
Sun Jun 30 16:14:12 2024 A 56690 1
Sun Jun 30 16:14:14 2024 A 57070 2
Sun Jun 30 16:14:13 2024 A 56842 1
Sun Jun 30 16:14:14 2024 A 56954 1
Sun Jun 30 16:14:14 2024 A 57044 1
Sun Jun 30 16:14:16 2024 A 57358 1
Sun Jun 30 16:14:10 2024 A 56308 1
Sun Jun 30 16:14:16 2024 A 57404 1
Sun Jun 30 16:14:16 2024 A 57384 1
Sun Jun 30 16:14:09 2024 A 56178 2
Sun Jun 30 16:14:20 2024 A 58000 2
Sun Jun 30 16:14:17 2024 A 57566 1
Sun Jun 30 16:14:01 2024 A 54940 2
Sun Jun 30 16:14:21 2024 A 58328 2
Sun Jun 30 16:14:07 2024 A 55880 2
Sun Jun 30 16:14:12 2024 A 56604 2
Sun Jun 30 16:14:21 2024 A 58228 2
Sun Jun 30 16:14:17 2024 A 57566 2
Sun Jun 30 16:14:21 2024 A 58270 2
Sun Jun 30 16:14:13 2024 A 56884 2
Sun Jun 30 16:14:11 2024 A 56388 2
Sun Jun 30 16:14:14 2024 A 56954 2
Sun Jun 30 16:14:13 2024 A 56842 2
Sun Jun 30 16:14:12 2024 A 56632 2
Sun Jun 30 16:14:09 2024 A 56210 2
Sun Jun 30 16:14:15 2024 A 57252 2
Sun Jun 30 16:14:14 2024 A 57044 2
Sun Jun 30 16:14:10 2024 A 56360 1
Sun Jun 30 16:14:08 2024 A 55926 2
Sun Jun 30 16:14:13 2024 A 56922 1
Sun Jun 30 16:14:00 2024 A 54730 2
Sun Jun 30 16:14:21 2024 A 58286 2
Sun Jun 30 16:14:08 2024 A 56042 1
Sun Jun 30 16:14:24 2024 A 58860 1
Sun Jun 30 16:14:23 2024 A 58542 1
Sun Jun 30 16:14:19 2024 A 57970 1
Sun Jun 30 16:14:24 2024 A 58814 1
Sun Jun 30 16:14:11 2024 A 56542 2
Sun Jun 30 16:14:15 2024 A 57168 1
Sun Jun 30 16:14:25 2024 A 59086 1
Sun Jun 30 16:14:17 2024 A 57610 1
Sun Jun 30 16:14:23 2024 A 58576 1
Sun Jun 30 16:14:22 2024 A 58474 2
Sun Jun 30 16:14:15 2024 A 57258 1
Sun Jun 30 16:14:18 2024 A 57702 2
Sun Jun 30 16:14:24 2024 A 58832 1
Sun Jun 30 16:14:23 2024 A 58562 1
Sun Jun 30 16:14:16 2024 A 57338 1
Sun Jun 30 16:14:26 2024 A 59206 1
Sun Jun 30 16:14:11 2024 A 56544 1
Sun Jun 30 16:14:21 2024 A 58196 2
Sun Jun 30 16:14:11 2024 A 56556 2
Sun Jun 30 16:14:15 2024 A 57148 1
Sun Jun 30 16:14:25 2024 A 58996 1
Sun Jun 30 16:14:27 2024 A 59486 1
Sun Jun 30 16:14:27 2024 A 59462 1
Sun Jun 30 16:14:13 2024 A 56786 1
Sun Jun 30 16:14:28 2024 A 59576 1
Sun Jun 30 16:13:59 2024 A 54556 2
Sun Jun 30 16:14:23 2024 A 58766 1
Sun Jun 30 16:14:21 2024 A 58342 2
Sun Jun 30 16:14:24 2024 A 58916 1
Sun Jun 30 16:14:01 2024 A 54732 2
Sun Jun 30 16:14:24 2024 A 58782 1
Sun Jun 30 16:14:00 2024 A 54610 2
Sun Jun 30 16:14:20 2024 A 58052 1
Sun Jun 30 16:14:23 2024 A 58750 1
Sun Jun 30 16:14:17 2024 A 57528 1
Sun Jun 30 16:14:15 2024 A 57236 1
Sun Jun 30 16:14:21 2024 A 58244 1
Sun Jun 30 16:14:16 2024 A 57456 1
Sun Jun 30 16:14:28 2024 A 59576 2
Sun Jun 30 16:14:22 2024 A 58456 2
Sun Jun 30 16:14:10 2024 A 56330 2
Sun Jun 30 16:14:18 2024 A 57684 2
Sun Jun 30 16:14:25 2024 A 59086 2
Sun Jun 30 16:14:17 2024 A 57664 2
Sun Jun 30 16:14:19 2024 A 57898 2
Sun Jun 30 16:14:17 2024 A 57584 2
Sun Jun 30 16:14:15 2024 A 57274 2
Sun Jun 30 16:14:14 2024 A 56958 2
Sun Jun 30 16:14:25 2024 A 58996 2
Sun Jun 30 16:14:24 2024 A 58806 2
Sun Jun 30 16:14:15 2024 A 57320 2
Sun Jun 30 16:14:15 2024 A 57172 2
Sun Jun 30 16:14:13 2024 A 56898 2
Sun Jun 30 16:14:22 2024 A 58440 2
Sun Jun 30 16:14:13 2024 A 56922 2
Sun Jun 30 16:14:17 2024 A 57528 2
Sun Jun 30 16:14:14 2024 A 57072 2
Sun Jun 30 16:14:15 2024 A 57328 2
Sun Jun 30 16:14:14 2024 A 56942 2
Sun Jun 30 16:14:08 2024 A 56068 2
Sun Jun 30 16:14:24 2024 A 58916 2
Sun Jun 30 16:14:16 2024 A 57338 2
Sun Jun 30 16:14:19 2024 A 57970 2
Sun Jun 30 16:14:19 2024 A 57918 2
Sun Jun 30 16:14:21 2024 A 58210 2
Sun Jun 30 16:14:09 2024 A 56104 2
Sun Jun 30 16:14:23 2024 A 58506 2
Sun Jun 30 16:14:08 2024 A 55930 2
Sun Jun 30 16:14:20 2024 A 58108 2
Sun Jun 30 16:14:08 2024 A 56042 2
Sun Jun 30 16:14:24 2024 A 58814 2
Sun Jun 30 16:14:13 2024 A 56908 2
Sun Jun 30 16:14:16 2024 A 57358 2
Sun Jun 30 16:14:13 2024 A 56786 2
Sun Jun 30 16:14:15 2024 A 57236 2
Sun Jun 30 16:14:16 2024 A 57456 2
Sun Jun 30 16:14:23 2024 A 58562 2
Sun Jun 30 16:14:27 2024 A 59462 2
Sun Jun 30 16:14:15 2024 A 57258 2
Sun Jun 30 16:14:23 2024 A 58576 2
Sun Jun 30 16:14:27 2024 A 59486 2
Sun Jun 30 16:14:21 2024 A 58244 2
Sun Jun 30 16:14:26 2024 A 59142 1
Sun Jun 30 16:14:10 2024 A 56324 2
Sun Jun 30 16:14:12 2024 A 56568 1
Sun Jun 30 16:14:13 2024 A 56754 2
Sun Jun 30 16:14:26 2024 A 59234 1
Sun Jun 30 16:14:18 2024 A 57794 1
Sun Jun 30 16:14:24 2024 A 58930 1
Sun Jun 30 16:14:28 2024 A 59612 1
Sun Jun 30 16:14:17 2024 A 57576 2
Sun Jun 30 16:14:12 2024 A 56680 2
Sun Jun 30 16:14:22 2024 A 58492 1
Sun Jun 30 16:14:23 2024 A 58762 2
Sun Jun 30 16:14:24 2024 A 58880 1
Sun Jun 30 16:14:10 2024 A 56344 1
Sun Jun 30 16:14:24 2024 A 58832 2
Sun Jun 30 16:14:12 2024 A 56732 2
Sun Jun 30 16:14:24 2024 A 58860 2
Sun Jun 30 16:14:15 2024 A 57168 2
Sun Jun 30 16:14:26 2024 A 59142 2
Sun Jun 30 16:14:16 2024 A 57394 2
Sun Jun 30 16:14:10 2024 A 56360 2
Sun Jun 30 16:14:23 2024 A 58542 2
Sun Jun 30 16:14:24 2024 A 58930 2
Sun Jun 30 16:14:22 2024 A 58492 2
Sun Jun 30 16:14:24 2024 A 58880 2
Sun Jun 30 16:14:18 2024 A 57794 2
Sun Jun 30 16:14:12 2024 A 56568 2
Sun Jun 30 16:14:26 2024 A 59234 2
Sun Jun 30 16:14:10 2024 A 56344 2
Sun Jun 30 16:14:28 2024 A 59612 2
Sun Jun 30 16:14:25 2024 A 58946 1
Sun Jun 30 16:14:25 2024 A 59060 1
Sun Jun 30 16:14:20 2024 A 58028 1
Sun Jun 30 16:14:16 2024 A 57384 2
Sun Jun 30 16:14:27 2024 A 59528 1
Sun Jun 30 16:14:16 2024 A 57370 2
Sun Jun 30 16:14:25 2024 A 59004 1
Sun Jun 30 16:14:27 2024 A 59274 1
Sun Jun 30 16:14:10 2024 A 56228 1
Sun Jun 30 16:14:16 2024 A 57460 1
Sun Jun 30 16:14:28 2024 A 59544 1
Sun Jun 30 16:14:20 2024 A 58140 1
Sun Jun 30 16:14:17 2024 A 57552 1
Sun Jun 30 16:14:27 2024 A 59278 1
Sun Jun 30 16:14:11 2024 A 56510 1
Sun Jun 30 16:14:27 2024 A 59352 1
Sun Jun 30 16:14:29 2024 A 59668 1
Sun Jun 30 16:14:28 2024 A 59566 1
Sun Jun 30 16:14:25 2024 A 59076 1
Sun Jun 30 16:14:12 2024 A 56626 1
Sun Jun 30 16:14:24 2024 A 58828 1
Sun Jun 30 16:14:26 2024 A 59150 1
Sun Jun 30 16:14:18 2024 A 57824 2
Sun Jun 30 16:14:22 2024 A 58386 1
Sun Jun 30 16:14:11 2024 A 56370 1
Sun Jun 30 16:14:26 2024 A 59190 1
Sun Jun 30 16:14:20 2024 A 58144 1
Sun Jun 30 16:14:11 2024 A 56404 2
Sun Jun 30 16:14:18 2024 A 57834 2
Sun Jun 30 16:14:28 2024 A 59622 1
Sun Jun 30 16:14:27 2024 A 59316 1
Sun Jun 30 16:14:26 2024 A 59108 1
Sun Jun 30 16:14:11 2024 A 56504 2
Sun Jun 30 16:14:26 2024 A 59178 1
Sun Jun 30 16:14:26 2024 A 59164 1
Sun Jun 30 16:14:20 2024 A 58122 1
Sun Jun 30 16:14:18 2024 A 57752 1
Sun Jun 30 16:14:12 2024 A 56584 2
Sun Jun 30 16:14:18 2024 A 57722 2
Sun Jun 30 16:14:26 2024 A 59252 1
Sun Jun 30 16:14:28 2024 A 59638 1
Sun Jun 30 16:14:19 2024 A 57882 1
Sun Jun 30 16:14:23 2024 A 58750 2
Sun Jun 30 16:14:08 2024 A 55980 2
Sun Jun 30 16:14:10 2024 A 56308 2
Sun Jun 30 16:14:22 2024 A 58378 2
Sun Jun 30 16:14:26 2024 A 59206 2
Sun Jun 30 16:14:15 2024 A 57148 2
Sun Jun 30 16:14:19 2024 A 57850 2
Sun Jun 30 16:14:21 2024 A 58226 2
Sun Jun 30 16:14:17 2024 A 57610 2
Sun Jun 30 16:14:23 2024 A 58780 2
Sun Jun 30 16:14:20 2024 A 58088 2
Sun Jun 30 16:14:19 2024 A 57988 2
Sun Jun 30 16:14:16 2024 A 57374 2
Sun Jun 30 16:14:24 2024 A 58792 2
Sun Jun 30 16:14:19 2024 A 57984 2
Sun Jun 30 16:14:20 2024 A 58052 2
Sun Jun 30 16:14:20 2024 A 58160 2
Sun Jun 30 16:14:19 2024 A 57974 2
Sun Jun 30 16:14:10 2024 A 56290 2
Sun Jun 30 16:14:12 2024 A 56690 2
Sun Jun 30 16:14:09 2024 A 56074 2
Sun Jun 30 16:14:09 2024 A 56196 2
Sun Jun 30 16:14:24 2024 A 58782 2
Sun Jun 30 16:14:18 2024 A 57678 2
Sun Jun 30 16:14:22 2024 A 58386 2
Sun Jun 30 16:14:16 2024 A 57460 2
Sun Jun 30 16:14:26 2024 A 59190 2
Sun Jun 30 16:14:19 2024 A 57882 2
Sun Jun 30 16:14:18 2024 A 57752 2
Sun Jun 30 16:14:27 2024 A 59352 2
Sun Jun 30 16:14:27 2024 A 59528 2
Sun Jun 30 16:14:26 2024 A 59178 2
Sun Jun 30 16:14:26 2024 A 59164 2
Sun Jun 30 16:14:20 2024 A 58140 2
Sun Jun 30 16:14:25 2024 A 58946 2
Sun Jun 30 16:14:17 2024 A 57552 2
Sun Jun 30 16:14:27 2024 A 59274 2
Sun Jun 30 16:14:26 2024 A 59252 2
Sun Jun 30 16:14:20 2024 A 58144 2
Sun Jun 30 16:14:20 2024 A 58028 2
Sun Jun 30 16:14:25 2024 A 59076 2
Sun Jun 30 16:14:11 2024 A 56510 2
Sun Jun 30 16:14:10 2024 A 56228 2
Sun Jun 30 16:14:27 2024 A 59278 2
Sun Jun 30 16:14:26 2024 A 59150 2
Sun Jun 30 16:14:28 2024 A 59622 2
Sun Jun 30 16:14:25 2024 A 59060 2
Sun Jun 30 16:14:26 2024 A 59108 2
Sun Jun 30 16:14:11 2024 A 56370 2
Sun Jun 30 16:14:27 2024 A 59316 2
Sun Jun 30 16:14:20 2024 A 58122 2
Sun Jun 30 16:14:28 2024 A 59566 2
Sun Jun 30 16:14:25 2024 A 59004 2
Sun Jun 30 16:14:24 2024 A 58828 2
Sun Jun 30 16:14:12 2024 A 56626 2
Sun Jun 30 16:14:28 2024 A 59544 2
Sun Jun 30 16:14:29 2024 A 59668 2
Sun Jun 30 16:14:13 2024 A 56770 2
Sun Jun 30 16:14:11 2024 A 56544 2
Sun Jun 30 16:14:10 2024 A 56264 2
Sun Jun 30 16:14:31 2024 A 60096 1
Sun Jun 30 16:14:17 2024 A 57670 2
Sun Jun 30 16:14:13 2024 A 56794 2
Sun Jun 30 16:14:19 2024 A 57928 2
Sun Jun 30 16:14:26 2024 A 59096 1
Sun Jun 30 16:14:23 2024 A 58766 2
Sun Jun 30 16:14:12 2024 A 56602 2
Sun Jun 30 16:14:31 2024 A 60132 1
Sun Jun 30 16:14:14 2024 A 57014 2
Sun Jun 30 16:14:30 2024 A 59946 1
Sun Jun 30 16:14:31 2024 A 60128 1
Sun Jun 30 16:14:27 2024 A 59282 1
Sun Jun 30 16:14:13 2024 A 56856 2
Sun Jun 30 16:14:28 2024 A 59556 1
Sun Jun 30 16:14:17 2024 A 57588 2
Sun Jun 30 16:14:31 2024 A 60126 1
Sun Jun 30 16:14:31 2024 A 60076 1
Sun Jun 30 16:14:27 2024 A 59522 1
Sun Jun 30 16:14:30 2024 A 59856 1
Sun Jun 30 16:14:29 2024 A 59702 1
Sun Jun 30 16:14:16 2024 A 57360 2
Sun Jun 30 16:14:18 2024 A 57760 2
Sun Jun 30 16:14:22 2024 A 58402 2
Sun Jun 30 16:14:17 2024 A 57494 2
Sun Jun 30 16:14:30 2024 A 59972 1
Sun Jun 30 16:14:31 2024 A 60138 1
Sun Jun 30 16:14:29 2024 A 59754 1
Sun Jun 30 16:14:25 2024 A 59066 1
Sun Jun 30 16:14:31 2024 A 60110 1
Sun Jun 30 16:14:28 2024 A 59638 2
Sun Jun 30 16:14:30 2024 A 60020 1
Sun Jun 30 16:14:25 2024 A 59040 1
Sun Jun 30 16:14:27 2024 A 59524 1
Sun Jun 30 16:14:11 2024 A 56476 2
Sun Jun 30 16:14:30 2024 A 60010 1
Sun Jun 30 16:14:29 2024 A 59670 1
Sun Jun 30 16:14:25 2024 A 58994 1
Sun Jun 30 16:14:23 2024 A 58722 2
Sun Jun 30 16:14:30 2024 A 59970 1
Sun Jun 30 16:14:29 2024 A 59782 1
Sun Jun 30 16:14:09 2024 A 56088 2
Sun Jun 30 16:14:25 2024 A 58992 1
Sun Jun 30 16:14:29 2024 A 59770 1
Sun Jun 30 16:14:29 2024 A 59722 1
Sun Jun 30 16:14:12 2024 A 56648 2
Sun Jun 30 16:14:32 2024 A 60164 1
Sun Jun 30 16:14:07 2024 A 55764 2
Sun Jun 30 16:14:30 2024 A 59918 1
Sun Jun 30 16:14:28 2024 A 59634 1
Sun Jun 30 16:14:31 2024 A 60088 1
Sun Jun 30 16:14:28 2024 A 59610 1
Sun Jun 30 16:14:30 2024 A 59902 1
Sun Jun 30 16:14:29 2024 A 59674 1
Sun Jun 30 16:14:29 2024 A 59816 1
Sun Jun 30 16:14:16 2024 A 57404 2
Sun Jun 30 16:14:30 2024 A 59958 1
Sun Jun 30 16:14:25 2024 A 58992 2
Sun Jun 30 16:14:28 2024 A 59596 1
Sun Jun 30 16:14:30 2024 A 59886 1
Sun Jun 30 16:14:29 2024 A 59658 1
Sun Jun 30 16:14:31 2024 A 60080 1
Sun Jun 30 16:14:14 2024 A 57054 2
Sun Jun 30 16:14:31 2024 A 60034 1
Sun Jun 30 16:14:09 2024 A 56168 2
Sun Jun 30 16:14:15 2024 A 57184 2
Sun Jun 30 16:14:20 2024 A 58086 2
Sun Jun 30 16:14:32 2024 A 60148 1
Sun Jun 30 16:14:31 2024 A 60096 2
Sun Jun 30 16:14:31 2024 A 60076 2
Sun Jun 30 16:14:31 2024 A 60126 2
Sun Jun 30 16:14:31 2024 A 60138 2
Sun Jun 30 16:14:28 2024 A 59610 2
Sun Jun 30 16:14:31 2024 A 60128 2
Sun Jun 30 16:14:30 2024 A 60010 2
Sun Jun 30 16:14:30 2024 A 59856 2
Sun Jun 30 16:14:29 2024 A 59754 2
Sun Jun 30 16:14:29 2024 A 59722 2
Sun Jun 30 16:14:29 2024 A 59816 2
Sun Jun 30 16:14:31 2024 A 60132 2
Sun Jun 30 16:14:31 2024 A 60110 2
Sun Jun 30 16:14:25 2024 A 59040 2
Sun Jun 30 16:14:29 2024 A 59670 2
Sun Jun 30 16:14:30 2024 A 59972 2
Sun Jun 30 16:14:25 2024 A 59066 2
Sun Jun 30 16:14:27 2024 A 59282 2
Sun Jun 30 16:14:30 2024 A 59946 2
Sun Jun 30 16:14:29 2024 A 59702 2
Sun Jun 30 16:14:25 2024 A 58994 2
Sun Jun 30 16:14:28 2024 A 59634 2
Sun Jun 30 16:14:26 2024 A 59096 2
Sun Jun 30 16:14:31 2024 A 60088 2
Sun Jun 30 16:14:29 2024 A 59782 2
Sun Jun 30 16:14:29 2024 A 59674 2
Sun Jun 30 16:14:27 2024 A 59524 2
Sun Jun 30 16:14:30 2024 A 59970 2
Sun Jun 30 16:14:30 2024 A 60020 2
Sun Jun 30 16:14:28 2024 A 59556 2
Sun Jun 30 16:14:30 2024 A 59918 2
Sun Jun 30 16:14:29 2024 A 59770 2
Sun Jun 30 16:14:27 2024 A 59522 2
Sun Jun 30 16:14:30 2024 A 59958 2
Sun Jun 30 16:14:30 2024 A 59902 2
Sun Jun 30 16:14:32 2024 A 60164 2
Sun Jun 30 16:14:31 2024 A 60080 2
Sun Jun 30 16:14:29 2024 A 59658 2
Sun Jun 30 16:14:28 2024 A 59596 2
Sun Jun 30 16:14:30 2024 A 59886 2
Sun Jun 30 16:14:32 2024 A 60148 2
Sun Jun 30 16:14:31 2024 A 60034 2
